<?xml version="1.0" encoding="UTF-8"?>
<testsuite name="integration.GreetingIntegrationTest" tests="0" skipped="0" failures="0" errors="0" timestamp="1970-01-01T00:00:00" hostname="tennyson" time="0.0">
  <properties/>
  <system-out><![CDATA[15:41:38.749 [Test worker] DEBUG o.s.t.c.j.SpringJUnit4ClassRunner - SpringJUnit4ClassRunner constructor called with [class integration.GreetingIntegrationTest]
15:41:38.755 [Test worker] DEBUG o.s.test.context.BootstrapUtils - Instantiating CacheAwareContextLoaderDelegate from class [org.springframework.test.context.cache.DefaultCacheAwareContextLoaderDelegate]
15:41:38.758 [Test worker] DEBUG o.s.test.context.BootstrapUtils - Instantiating BootstrapContext using constructor [public org.springframework.test.context.support.DefaultBootstrapContext(java.lang.Class,org.springframework.test.context.CacheAwareContextLoaderDelegate)]
15:41:38.779 [Test worker] DEBUG o.s.test.context.BootstrapUtils - Instantiating TestContextBootstrapper for test class [integration.GreetingIntegrationTest] from class [org.springframework.test.context.web.WebTestContextBootstrapper]
15:41:38.794 [Test worker] DEBUG o.s.t.c.w.WebTestContextBootstrapper - Found explicit ContextLoader class [org.springframework.boot.test.SpringApplicationContextLoader] for context configuration attributes [ContextConfigurationAttributes@4f2a6dd4 declaringClass = 'integration.GreetingIntegrationTest', classes = '{class hello.Application}', locations = '{}', inheritLocations = true, initializers = '{}', inheritInitializers = true, name = [null], contextLoaderClass = 'org.springframework.boot.test.SpringApplicationContextLoader']
15:41:38.800 [Test worker] DEBUG o.s.t.c.s.AbstractContextLoader - Did not detect default resource location for test class [integration.GreetingIntegrationTest]: class path resource [integration/GreetingIntegrationTest-context.xml] does not exist
15:41:38.800 [Test worker] DEBUG o.s.t.c.s.AbstractContextLoader - Did not detect default resource location for test class [integration.GreetingIntegrationTest]: class path resource [integration/GreetingIntegrationTestContext.groovy] does not exist
15:41:38.800 [Test worker] INFO  o.s.t.c.s.AbstractContextLoader - Could not detect default resource locations for test class [integration.GreetingIntegrationTest]: no resource found for suffixes {-context.xml, Context.groovy}.
15:41:38.802 [Test worker] DEBUG o.s.t.c.support.ActiveProfilesUtils - Could not find an 'annotation declaring class' for annotation type [org.springframework.test.context.ActiveProfiles] and class [integration.GreetingIntegrationTest]
15:41:38.814 [Test worker] INFO  o.s.t.c.w.WebTestContextBootstrapper - Using TestExecutionListeners: [org.springframework.boot.test.IntegrationTestPropertiesListener@4928e19c, org.springframework.test.context.support.DirtiesContextBeforeModesTestExecutionListener@39f0b79, org.springframework.test.context.support.DependencyInjectionTestExecutionListener@4f2854cb, org.springframework.test.context.support.DirtiesContextTestExecutionListener@27db0bde, org.springframework.test.context.transaction.TransactionalTestExecutionListener@29f12ab8, org.springframework.test.context.jdbc.SqlScriptsTestExecutionListener@52ce283c]
]]></system-out>
  <system-err><![CDATA[]]></system-err>
</testsuite>
